#
# There is insufficient memory for the Java Runtime Environment to continue.
# Native memory allocation (malloc) failed to allocate 1019552 bytes for Chunk::new
# Possible reasons:
#   The system is out of physical RAM or swap space
#   The process is running with CompressedOops enabled, and the Java Heap may be blocking the growth of the native heap
# Possible solutions:
#   Reduce memory load on the system
#   Increase physical memory or swap space
#   Check if swap backing store is full
#   Decrease Java heap size (-Xmx/-Xms)
#   Decrease number of Java threads
#   Decrease Java thread stack sizes (-Xss)
#   Set larger code cache with -XX:ReservedCodeCacheSize=
#   JVM is running with Unscaled Compressed Oops mode in which the Java heap is
#     placed in the first 4GB address space. The Java Heap base address is the
#     maximum limit for the native heap growth. Please use -XX:HeapBaseMinAddress
#     to set the Java Heap base and to place the Java Heap above 4GB virtual address.
# This output file may be truncated or incomplete.
#
#  Out of Memory Error (allocation.cpp:390), pid=105460, tid=0x0000000000019014
#
# JRE version: Java(TM) SE Runtime Environment (8.0_201-b09) (build 1.8.0_201-b09)
# Java VM: Java HotSpot(TM) 64-Bit Server VM (25.201-b09 mixed mode windows-amd64 compressed oops)
# Failed to write core dump. Minidumps are not enabled by default on client versions of Windows
#

---------------  T H R E A D  ---------------

Current thread (0x0000000017908000):  JavaThread "C2 CompilerThread0" daemon [_thread_in_native, id=102420, stack(0x00000000192a0000,0x00000000193a0000)]

Stack: [0x00000000192a0000,0x00000000193a0000]
[error occurred during error reporting (printing stack bounds), id 0xc0000005]

Native frames: (J=compiled Java code, j=interpreted, Vv=VM code, C=native code)


Current CompileTask:
C2:   2877 1261       4       org.json.JSONTokener::nextValue (150 bytes)


---------------  P R O C E S S  ---------------

Java Threads: ( => current thread )
  0x0000000017911000 JavaThread "Keep-Alive-Timer" daemon [_thread_blocked, id=103796, stack(0x000000001b3e0000,0x000000001b4e0000)]
  0x0000000018f10000 JavaThread "DefaultQuartzScheduler_QuartzSchedulerThread" [_thread_blocked, id=25360, stack(0x000000001a6a0000,0x000000001a7a0000)]
  0x0000000018ee9800 JavaThread "DefaultQuartzScheduler_Worker-10" [_thread_blocked, id=96816, stack(0x000000001a5a0000,0x000000001a6a0000)]
  0x0000000018ed8800 JavaThread "DefaultQuartzScheduler_Worker-9" [_thread_blocked, id=102628, stack(0x000000001a4a0000,0x000000001a5a0000)]
  0x0000000018ed7800 JavaThread "DefaultQuartzScheduler_Worker-8" [_thread_blocked, id=65612, stack(0x000000001a3a0000,0x000000001a4a0000)]
  0x0000000018ed5000 JavaThread "DefaultQuartzScheduler_Worker-7" [_thread_blocked, id=104792, stack(0x000000001a2a0000,0x000000001a3a0000)]
  0x0000000018ed4000 JavaThread "DefaultQuartzScheduler_Worker-6" [_thread_blocked, id=58992, stack(0x000000001a1a0000,0x000000001a2a0000)]
  0x0000000018eca000 JavaThread "DefaultQuartzScheduler_Worker-5" [_thread_blocked, id=97312, stack(0x000000001a0a0000,0x000000001a1a0000)]
  0x0000000018ec9000 JavaThread "DefaultQuartzScheduler_Worker-4" [_thread_blocked, id=59236, stack(0x0000000019fa0000,0x000000001a0a0000)]
  0x0000000018ee7000 JavaThread "DefaultQuartzScheduler_Worker-3" [_thread_blocked, id=105340, stack(0x0000000019ea0000,0x0000000019fa0000)]
  0x0000000018ee6000 JavaThread "DefaultQuartzScheduler_Worker-2" [_thread_blocked, id=103544, stack(0x0000000019da0000,0x0000000019ea0000)]
  0x0000000018ee5800 JavaThread "DefaultQuartzScheduler_Worker-1" [_thread_blocked, id=99640, stack(0x0000000019ca0000,0x0000000019da0000)]
  0x000000001794c800 JavaThread "Service Thread" daemon [_thread_blocked, id=94248, stack(0x00000000195a0000,0x00000000196a0000)]
  0x0000000017916800 JavaThread "C1 CompilerThread2" daemon [_thread_blocked, id=86864, stack(0x00000000194a0000,0x00000000195a0000)]
  0x0000000017913800 JavaThread "C2 CompilerThread1" daemon [_thread_in_native, id=103132, stack(0x00000000193a0000,0x00000000194a0000)]
=>0x0000000017908000 JavaThread "C2 CompilerThread0" daemon [_thread_in_native, id=102420, stack(0x00000000192a0000,0x00000000193a0000)]
  0x0000000018ce3800 JavaThread "Attach Listener" daemon [_thread_blocked, id=82180, stack(0x00000000191a0000,0x00000000192a0000)]
  0x0000000018ce3000 JavaThread "Signal Dispatcher" daemon [_thread_blocked, id=72948, stack(0x00000000190a0000,0x00000000191a0000)]
  0x0000000002d6c000 JavaThread "Finalizer" daemon [_thread_blocked, id=104324, stack(0x0000000018b40000,0x0000000018c40000)]
  0x0000000002d61000 JavaThread "Reference Handler" daemon [_thread_blocked, id=8592, stack(0x0000000018a40000,0x0000000018b40000)]
  0x0000000000f3d800 JavaThread "main" [_thread_in_Java, id=100996, stack(0x0000000002b70000,0x0000000002c70000)]

Other Threads:
  0x00000000178b8000 VMThread [stack: 0x0000000018940000,0x0000000018a40000] [id=105204]
  0x0000000018d66800 WatcherThread [stack: 0x00000000196a0000,0x00000000197a0000] [id=80820]

VM state:not at safepoint (normal execution)

VM Mutex/Monitor currently owned by a thread: None

heap address: 0x0000000081200000, size: 2030 MB, Compressed Oops mode: 32-bit
Narrow klass base: 0x0000000000000000, Narrow klass shift: 3
Compressed class space size: 1073741824 Address: 0x0000000100000000

Heap:
 PSYoungGen      total 38400K, used 22489K [0x00000000d5b80000, 0x00000000d8600000, 0x0000000100000000)
  eden space 33280K, 52% used [0x00000000d5b80000,0x00000000d6c78438,0x00000000d7c00000)
  from space 5120K, 99% used [0x00000000d7c00000,0x00000000d80fe378,0x00000000d8100000)
  to   space 5120K, 0% used [0x00000000d8100000,0x00000000d8100000,0x00000000d8600000)
 ParOldGen       total 87552K, used 2637K [0x0000000081200000, 0x0000000086780000, 0x00000000d5b80000)
  object space 87552K, 3% used [0x0000000081200000,0x0000000081493688,0x0000000086780000)
 Metaspace       used 14183K, capacity 14404K, committed 14592K, reserved 1062912K
  class space    used 1581K, capacity 1676K, committed 1792K, reserved 1048576K

Card table byte_map: [0x0000000012130000,0x0000000012530000] byte_map_base: 0x0000000011d27000

Marking Bits: (ParMarkBitMap*) 0x0000000073584ce0
 Begin Bits: [0x0000000012be0000, 0x0000000014b98000)
 End Bits:   [0x0000000014b98000, 0x0000000016b50000)

Polling page: 0x0000000000ec0000

CodeCache: size=245760Kb used=4592Kb max_used=4593Kb free=241167Kb
 bounds [0x0000000002d70000, 0x0000000003200000, 0x0000000011d70000]
 total_blobs=1760 nmethods=1305 adapters=367
 compilation: enabled

Compilation events (10 events):
Event: 2.813 Thread 0x0000000017916800 1306       1       com.sun.crypto.provider.AESCipher::engineGetBlockSize (3 bytes)
Event: 2.813 Thread 0x0000000017916800 nmethod 1306 0x00000000031e3510 code [0x00000000031e3660, 0x00000000031e3770]
Event: 2.816 Thread 0x0000000017916800 1307       3       java.util.IdentityHashMap::maskNull (12 bytes)
Event: 2.816 Thread 0x0000000017916800 nmethod 1307 0x00000000031e5bd0 code [0x00000000031e5d20, 0x00000000031e5eb0]
Event: 2.818 Thread 0x0000000017916800 1308       1       java.util.concurrent.locks.ReentrantReadWriteLock::readLock (5 bytes)
Event: 2.818 Thread 0x0000000017916800 nmethod 1308 0x00000000031e5910 code [0x00000000031e5a60, 0x00000000031e5b70]
Event: 2.818 Thread 0x0000000017916800 1309       3       java.util.concurrent.locks.AbstractQueuedSynchronizer::compareAndSetState (13 bytes)
Event: 2.818 Thread 0x0000000017916800 nmethod 1309 0x00000000031e55d0 code [0x00000000031e5720, 0x00000000031e5890]
Event: 2.819 Thread 0x0000000017916800 1310       3       java.util.concurrent.locks.AbstractOwnableSynchronizer::setExclusiveOwnerThread (6 bytes)
Event: 2.819 Thread 0x0000000017916800 nmethod 1310 0x00000000031e7790 code [0x00000000031e78e0, 0x00000000031e7a50]

GC Heap History (2 events):
Event: 2.476 GC heap before
{Heap before GC invocations=1 (full 0):
 PSYoungGen      total 38400K, used 33280K [0x00000000d5b80000, 0x00000000d8600000, 0x0000000100000000)
  eden space 33280K, 100% used [0x00000000d5b80000,0x00000000d7c00000,0x00000000d7c00000)
  from space 5120K, 0% used [0x00000000d8100000,0x00000000d8100000,0x00000000d8600000)
  to   space 5120K, 0% used [0x00000000d7c00000,0x00000000d7c00000,0x00000000d8100000)
 ParOldGen       total 87552K, used 0K [0x0000000081200000, 0x0000000086780000, 0x00000000d5b80000)
  object space 87552K, 0% used [0x0000000081200000,0x0000000081200000,0x0000000086780000)
 Metaspace       used 13293K, capacity 13558K, committed 13696K, reserved 1060864K
  class space    used 1524K, capacity 1607K, committed 1664K, reserved 1048576K
Event: 2.484 GC heap after
Heap after GC invocations=1 (full 0):
 PSYoungGen      total 38400K, used 5112K [0x00000000d5b80000, 0x00000000d8600000, 0x0000000100000000)
  eden space 33280K, 0% used [0x00000000d5b80000,0x00000000d5b80000,0x00000000d7c00000)
  from space 5120K, 99% used [0x00000000d7c00000,0x00000000d80fe378,0x00000000d8100000)
  to   space 5120K, 0% used [0x00000000d8100000,0x00000000d8100000,0x00000000d8600000)
 ParOldGen       total 87552K, used 2637K [0x0000000081200000, 0x0000000086780000, 0x00000000d5b80000)
  object space 87552K, 3% used [0x0000000081200000,0x0000000081493688,0x0000000086780000)
 Metaspace       used 13293K, capacity 13558K, committed 13696K, reserved 1060864K
  class space    used 1524K, capacity 1607K, committed 1664K, reserved 1048576K
}

Deoptimization events (10 events):
Event: 1.915 Thread 0x0000000000f3d800 Uncommon trap: reason=unstable_if action=reinterpret pc=0x000000000304c704 method=java.util.Arrays.equals([B[B)Z @ 41
Event: 1.920 Thread 0x0000000000f3d800 Uncommon trap: reason=class_check action=maybe_recompile pc=0x0000000003053924 method=java.util.HashMap.putVal(ILjava/lang/Object;Ljava/lang/Object;ZZ)Ljava/lang/Object; @ 91
Event: 1.922 Thread 0x0000000000f3d800 Uncommon trap: reason=class_check action=maybe_recompile pc=0x0000000003053924 method=java.util.HashMap.putVal(ILjava/lang/Object;Ljava/lang/Object;ZZ)Ljava/lang/Object; @ 91
Event: 1.922 Thread 0x0000000000f3d800 Uncommon trap: reason=class_check action=maybe_recompile pc=0x0000000003053924 method=java.util.HashMap.putVal(ILjava/lang/Object;Ljava/lang/Object;ZZ)Ljava/lang/Object; @ 91
Event: 1.923 Thread 0x0000000000f3d800 Uncommon trap: reason=class_check action=maybe_recompile pc=0x0000000003053924 method=java.util.HashMap.putVal(ILjava/lang/Object;Ljava/lang/Object;ZZ)Ljava/lang/Object; @ 91
Event: 2.041 Thread 0x0000000000f3d800 Uncommon trap: reason=unstable_if action=reinterpret pc=0x00000000030c3acc method=java.util.regex.Matcher.reset()Ljava/util/regex/Matcher; @ 47
Event: 2.042 Thread 0x0000000000f3d800 Uncommon trap: reason=unstable_if action=reinterpret pc=0x00000000030aca74 method=java.util.HashMap.getNode(ILjava/lang/Object;)Ljava/util/HashMap$Node; @ 84
Event: 2.042 Thread 0x0000000000f3d800 Uncommon trap: reason=unstable_if action=reinterpret pc=0x0000000003054814 method=java.util.HashMap.getNode(ILjava/lang/Object;)Ljava/util/HashMap$Node; @ 84
Event: 2.529 Thread 0x0000000000f3d800 Uncommon trap: reason=unstable_if action=reinterpret pc=0x00000000030f2c18 method=java.lang.ref.SoftReference.get()Ljava/lang/Object; @ 17
Event: 2.705 Thread 0x0000000000f3d800 Uncommon trap: reason=unstable_if action=reinterpret pc=0x00000000031e24a8 method=sun.nio.cs.UTF_8$Decoder.decodeArrayLoop(Ljava/nio/ByteBuffer;Ljava/nio/CharBuffer;)Ljava/nio/charset/CoderResult; @ 167

Classes redefined (0 events):
No events

Internal exceptions (10 events):
Event: 0.503 Thread 0x0000000000f3d800 Exception <a 'java/lang/ArrayIndexOutOfBoundsException'> (0x00000000d5f00e90) thrown at [C:\re\workspace\8-2-build-windows-amd64-cygwin\jdk8u201\12322\hotspot\src\share\vm\runtime\sharedRuntime.cpp, line 605]
Event: 0.503 Thread 0x0000000000f3d800 Exception <a 'java/lang/ArrayIndexOutOfBoundsException'> (0x00000000d5f04480) thrown at [C:\re\workspace\8-2-build-windows-amd64-cygwin\jdk8u201\12322\hotspot\src\share\vm\runtime\sharedRuntime.cpp, line 605]
Event: 0.504 Thread 0x0000000000f3d800 Exception <a 'java/lang/ArrayIndexOutOfBoundsException'> (0x00000000d5f089f0) thrown at [C:\re\workspace\8-2-build-windows-amd64-cygwin\jdk8u201\12322\hotspot\src\share\vm\runtime\sharedRuntime.cpp, line 605]
Event: 0.504 Thread 0x0000000000f3d800 Exception <a 'java/lang/ArrayIndexOutOfBoundsException'> (0x00000000d5f0a0f8) thrown at [C:\re\workspace\8-2-build-windows-amd64-cygwin\jdk8u201\12322\hotspot\src\share\vm\runtime\sharedRuntime.cpp, line 605]
Event: 0.504 Thread 0x0000000000f3d800 Exception <a 'java/lang/ArrayIndexOutOfBoundsException'> (0x00000000d5f0bec8) thrown at [C:\re\workspace\8-2-build-windows-amd64-cygwin\jdk8u201\12322\hotspot\src\share\vm\runtime\sharedRuntime.cpp, line 605]
Event: 0.505 Thread 0x0000000000f3d800 Exception <a 'java/lang/ArrayIndexOutOfBoundsException'> (0x00000000d5f0cfd8) thrown at [C:\re\workspace\8-2-build-windows-amd64-cygwin\jdk8u201\12322\hotspot\src\share\vm\runtime\sharedRuntime.cpp, line 605]
Event: 0.505 Thread 0x0000000000f3d800 Exception <a 'java/lang/ArrayIndexOutOfBoundsException'> (0x00000000d5f0f368) thrown at [C:\re\workspace\8-2-build-windows-amd64-cygwin\jdk8u201\12322\hotspot\src\share\vm\runtime\sharedRuntime.cpp, line 605]
Event: 0.505 Thread 0x0000000000f3d800 Exception <a 'java/lang/ArrayIndexOutOfBoundsException'> (0x00000000d5f13160) thrown at [C:\re\workspace\8-2-build-windows-amd64-cygwin\jdk8u201\12322\hotspot\src\share\vm\runtime\sharedRuntime.cpp, line 605]
Event: 1.355 Thread 0x0000000000f3d800 Exception <a 'java/lang/NoSuchFieldError': method resolution failed> (0x00000000d6588d98) thrown at [C:\re\workspace\8-2-build-windows-amd64-cygwin\jdk8u201\12322\hotspot\src\share\vm\prims\methodHandles.cpp, line 1167]
Event: 1.357 Thread 0x0000000000f3d800 Exception <a 'java/lang/NoSuchFieldError': method resolution failed> (0x00000000d6596858) thrown at [C:\re\workspace\8-2-build-windows-amd64-cygwin\jdk8u201\12322\hotspot\src\share\vm\prims\methodHandles.cpp, line 1167]

Events (10 events):
Event: 2.789 Thread 0x0000000000f3d800 DEOPT PACKING pc=0x00000000031d657f sp=0x0000000002c6d5e0
Event: 2.789 Thread 0x0000000000f3d800 DEOPT UNPACKING pc=0x0000000002db7890 sp=0x0000000002c6d340 mode 0
Event: 2.816 loading class org/mapdb/HTreeMap$sizeLong$$inlined$lockRead$lambda$1
Event: 2.816 loading class org/mapdb/HTreeMap$sizeLong$$inlined$lockRead$lambda$1 done
Event: 2.817 loading class org/eclipse/collections/api/block/procedure/primitive/LongLongProcedure
Event: 2.817 loading class org/eclipse/collections/api/block/procedure/primitive/LongLongProcedure done
Event: 2.817 loading class org/mapdb/IndexTreeLongLongMap$forEachKeyValue$1
Event: 2.817 loading class org/mapdb/IndexTreeLongLongMap$forEachKeyValue$1 done
Event: 2.817 loading class org/mapdb/IndexTreeListJava$TreeTraverseCallback
Event: 2.817 loading class org/mapdb/IndexTreeListJava$TreeTraverseCallback done


Dynamic libraries:
0x00007ff6adff0000 - 0x00007ff6ae027000 	C:\Program Files (x86)\Common Files\Oracle\Java\javapath\java.exe
0x00007ffe8f780000 - 0x00007ffe8f970000 	C:\WINDOWS\SYSTEM32\ntdll.dll
0x00007ffe8e870000 - 0x00007ffe8e922000 	C:\WINDOWS\System32\KERNEL32.DLL
0x00007ffe8d450000 - 0x00007ffe8d6f3000 	C:\WINDOWS\System32\KERNELBASE.dll
0x00007ffe8ed00000 - 0x00007ffe8eda3000 	C:\WINDOWS\System32\ADVAPI32.dll
0x00007ffe8eb60000 - 0x00007ffe8ebfe000 	C:\WINDOWS\System32\msvcrt.dll
0x00007ffe8e930000 - 0x00007ffe8e9c7000 	C:\WINDOWS\System32\sechost.dll
0x00007ffe8f2d0000 - 0x00007ffe8f3f0000 	C:\WINDOWS\System32\RPCRT4.dll
0x00007ffe8f5a0000 - 0x00007ffe8f734000 	C:\WINDOWS\System32\USER32.dll
0x00007ffe8d1b0000 - 0x00007ffe8d1d1000 	C:\WINDOWS\System32\win32u.dll
0x00007ffe8dca0000 - 0x00007ffe8dcc6000 	C:\WINDOWS\System32\GDI32.dll
0x00007ffe8c710000 - 0x00007ffe8c8a4000 	C:\WINDOWS\System32\gdi32full.dll
0x00007ffe8d330000 - 0x00007ffe8d3ce000 	C:\WINDOWS\System32\msvcp_win.dll
0x00007ffe8d730000 - 0x00007ffe8d82a000 	C:\WINDOWS\System32\ucrtbase.dll
0x00007ffe74bc0000 - 0x00007ffe74e45000 	C:\WINDOWS\WinSxS\amd64_microsoft.windows.common-controls_6595b64144ccf1df_6.0.18362.476_none_e6c4b11b130f2595\COMCTL32.dll
0x00007ffe8e530000 - 0x00007ffe8e866000 	C:\WINDOWS\System32\combase.dll
0x00007ffe8d3d0000 - 0x00007ffe8d450000 	C:\WINDOWS\System32\bcryptPrimitives.dll
0x00007ffe8f3f0000 - 0x00007ffe8f41e000 	C:\WINDOWS\System32\IMM32.DLL
0x0000000073610000 - 0x00000000736e1000 	D:\Java\JRE\bin\msvcr100.dll
0x0000000072d60000 - 0x0000000073604000 	D:\Java\JRE\bin\server\jvm.dll
0x00007ffe8e3c0000 - 0x00007ffe8e3c8000 	C:\WINDOWS\System32\PSAPI.DLL
0x00007ffe8a6f0000 - 0x00007ffe8a714000 	C:\WINDOWS\SYSTEM32\WINMM.dll
0x00007ffe86460000 - 0x00007ffe86469000 	C:\WINDOWS\SYSTEM32\WSOCK32.dll
0x00007ffe8ee80000 - 0x00007ffe8eeef000 	C:\WINDOWS\System32\WS2_32.dll
0x00007ffe8a6c0000 - 0x00007ffe8a6ed000 	C:\WINDOWS\SYSTEM32\winmmbase.dll
0x00007ffe8c9c0000 - 0x00007ffe8ca0a000 	C:\WINDOWS\System32\cfgmgr32.dll
0x00007ffe80620000 - 0x00007ffe8062a000 	C:\WINDOWS\SYSTEM32\VERSION.dll
0x00007ffe86240000 - 0x00007ffe8624f000 	D:\Java\JRE\bin\verify.dll
0x00007ffe76bb0000 - 0x00007ffe76bd9000 	D:\Java\JRE\bin\java.dll
0x00007ffe78f40000 - 0x00007ffe78f56000 	D:\Java\JRE\bin\zip.dll
0x00007ffe8dcd0000 - 0x00007ffe8e3b5000 	C:\WINDOWS\System32\SHELL32.dll
0x00007ffe8f4f0000 - 0x00007ffe8f599000 	C:\WINDOWS\System32\shcore.dll
0x00007ffe8ca30000 - 0x00007ffe8d1ae000 	C:\WINDOWS\System32\windows.storage.dll
0x00007ffe8c6d0000 - 0x00007ffe8c6ef000 	C:\WINDOWS\System32\profapi.dll
0x00007ffe8c680000 - 0x00007ffe8c6ca000 	C:\WINDOWS\System32\powrprof.dll
0x00007ffe8c650000 - 0x00007ffe8c660000 	C:\WINDOWS\System32\UMPDC.dll
0x00007ffe8eca0000 - 0x00007ffe8ecf2000 	C:\WINDOWS\System32\shlwapi.dll
0x00007ffe8c660000 - 0x00007ffe8c671000 	C:\WINDOWS\System32\kernel.appcore.dll
0x00007ffe8ca10000 - 0x00007ffe8ca27000 	C:\WINDOWS\System32\cryptsp.dll
0x00007ffe539b0000 - 0x00007ffe5474b000 	C:\Users\happy\libj2v8_win32_x86_64.dll
0x00007ffe8c4d0000 - 0x00007ffe8c4f5000 	C:\WINDOWS\SYSTEM32\USERENV.dll
0x00007ffe8bb00000 - 0x00007ffe8bb3a000 	C:\WINDOWS\SYSTEM32\IPHLPAPI.DLL
0x00007ffe8c020000 - 0x00007ffe8c02c000 	C:\WINDOWS\SYSTEM32\CRYPTBASE.DLL
0x00007ffe77960000 - 0x00007ffe7797a000 	D:\Java\JRE\bin\net.dll
0x00007ffe7f7e0000 - 0x00007ffe7f9b6000 	C:\WINDOWS\SYSTEM32\urlmon.dll
0x00007ffe7f530000 - 0x00007ffe7f7d6000 	C:\WINDOWS\SYSTEM32\iertutil.dll
0x00007ffe8bdf0000 - 0x00007ffe8be57000 	C:\WINDOWS\system32\mswsock.dll
0x00007ffe8ec80000 - 0x00007ffe8ec88000 	C:\WINDOWS\System32\NSI.dll
0x00007ffe80080000 - 0x00007ffe80096000 	C:\WINDOWS\SYSTEM32\dhcpcsvc6.DLL
0x00007ffe80600000 - 0x00007ffe8061c000 	C:\WINDOWS\SYSTEM32\dhcpcsvc.DLL
0x00007ffe8bb40000 - 0x00007ffe8bc0a000 	C:\WINDOWS\SYSTEM32\DNSAPI.dll
0x00007ffe76890000 - 0x00007ffe768b4000 	D:\Java\JRE\bin\sunec.dll
0x00007ffe77800000 - 0x00007ffe77811000 	D:\Java\JRE\bin\nio.dll
0x00007ffe8b960000 - 0x00007ffe8b993000 	C:\WINDOWS\system32\rsaenh.dll
0x00007ffe8d700000 - 0x00007ffe8d726000 	C:\WINDOWS\System32\bcrypt.dll
0x00007ffe861c0000 - 0x00007ffe861cb000 	D:\Java\JRE\bin\sunmscapi.dll
0x00007ffe8d1e0000 - 0x00007ffe8d329000 	C:\WINDOWS\System32\CRYPT32.dll
0x00007ffe8c6f0000 - 0x00007ffe8c702000 	C:\WINDOWS\System32\MSASN1.dll
0x00007ffe80010000 - 0x00007ffe8001a000 	C:\Windows\System32\rasadhlp.dll
0x00007ffe7fe90000 - 0x00007ffe7ff07000 	C:\WINDOWS\System32\fwpuclnt.dll
0x0000000066f40000 - 0x0000000066f6d000 	C:\Users\happy\AppData\Local\Temp\liblz4-java4756810948422857466.so

VM Arguments:
java_command: E:\happyli\Jar\funny_app\funny_app.jar E:\CloudStation\Robot5\GitHub\funny_app_java\funny_app\js\sync_struct.js E:/Data/class_funnyai.ini
java_class_path (initial): E:\happyli\Jar\funny_app\funny_app.jar
Launcher Type: SUN_STANDARD

Environment Variables:
PATH=C:\Program Files (x86)\Common Files\Oracle\Java\javapath;C:\WINDOWS\system32;C:\WINDOWS;C:\WINDOWS\System32\Wbem;C:\WINDOWS\System32\WindowsPowerShell\v1.0\;C:\WINDOWS\System32\OpenSSH\;D:\Go\bin;C:\Program Files\dotnet\;D:\Tools\Git\cmd;C:\Users\happy\.dnx\bin;C:\Users\happy\AppData\Local\Microsoft\WindowsApps;C:\Users\happy\go\bin;C:\Users\happy\AppData\Local\GitHubDesktop\bin;C:\Users\happy\AppData\Local\Microsoft\WindowsApps;
USERNAME=happyli
OS=Windows_NT
PROCESSOR_IDENTIFIER=Intel64 Family 6 Model 142 Stepping 9, GenuineIntel



---------------  S Y S T E M  ---------------

OS: Windows 10.0 , 64 bit Build 18362 (10.0.18362.329)

CPU:total 4 (initial active 4) (2 cores per cpu, 2 threads per core) family 6 model 142 stepping 9, cmov, cx8, fxsr, mmx, sse, sse2, sse3, ssse3, sse4.1, sse4.2, popcnt, avx, avx2, aes, clmul, erms, rtm, 3dnowpref, lzcnt, ht, tsc, tscinvbit, bmi1, bmi2, adx

Memory: 4k page, physical 8311928k(648012k free), swap 12506232k(5192k free)

vm_info: Java HotSpot(TM) 64-Bit Server VM (25.201-b09) for windows-amd64 JRE (1.8.0_201-b09), built on Dec 15 2018 18:36:39 by "java_re" with MS VC++ 10.0 (VS2010)

time: Mon Nov 18 16:36:19 2019
timezone: 中国标准时间
elapsed time: 2 seconds (0d 0h 0m 2s)

